<?xml version="1.0" encoding="UTF-8"?>
<!-- Generated by org.testng.reporters.JUnitXMLReporter -->
<testsuite ignored="0" hostname="shreya" failures="1" tests="1" name="Test" time="14.458" errors="0" timestamp="2023-03-18T14:18:09 IST">
  <testcase classname="synechron123.TestScript" name="test" time="4.545">
    <failure type="java.lang.AssertionError" message="expected [Topwear -  Topwear For Men, Women &amp;amp; Kids Online at Best Prices In India | Flipkart.com] but found [Topwear - Buy Topwear For Men, Women &amp;amp; Kids Online at Best Prices In India | Flipkart.com]">
      <![CDATA[java.lang.AssertionError: expected [Topwear -  Topwear For Men, Women & Kids Online at Best Prices In India | Flipkart.com] but found [Topwear - Buy Topwear For Men, Women & Kids Online at Best Prices In India | Flipkart.com]
at synechron123.Pomclass.title(Pomclass.java:86)
at synechron123.TestScript.test(TestScript.java:22)
at java.base/java.util.ArrayList.forEach(ArrayList.java:1511)
... Removed 33 stack frames]]>
    </failure>
  </testcase> <!-- test -->
</testsuite> <!-- Test -->
